<?xml version="1.0" encoding="UTF-8"?>
<testng-results skipped="0" failed="1" total="1" passed="0">
  <reporter-output>
  </reporter-output>
  <suite name="Default suite" duration-ms="25190" started-at="2020-03-15T07:54:33Z" finished-at="2020-03-15T07:54:59Z">
    <groups>
    </groups>
    <test name="Default test" duration-ms="25190" started-at="2020-03-15T07:54:33Z" finished-at="2020-03-15T07:54:59Z">
      <class name="pkg1.Scenario3">
        <test-method status="PASS" signature="propLoader()[pri:0, instance:pkg1.Scenario3@66d33a]" name="propLoader" is-config="true" duration-ms="17" started-at="2020-03-15T13:24:33Z" finished-at="2020-03-15T13:24:33Z">
          <reporter-output>
          </reporter-output>
        </test-method> <!-- propLoader -->
        <test-method status="PASS" signature="setUp()[pri:0, instance:pkg1.Scenario3@66d33a]" name="setUp" is-config="true" duration-ms="17414" started-at="2020-03-15T13:24:33Z" finished-at="2020-03-15T13:24:51Z">
          <reporter-output>
          </reporter-output>
        </test-method> <!-- setUp -->
        <test-method status="PASS" signature="pageRepoLoad()[pri:0, instance:pkg1.Scenario3@66d33a]" name="pageRepoLoad" is-config="true" duration-ms="1" started-at="2020-03-15T13:24:51Z" depends-on-methods="pkg1.BaseClass.setUp" finished-at="2020-03-15T13:24:51Z">
          <reporter-output>
          </reporter-output>
        </test-method> <!-- pageRepoLoad -->
        <test-method status="FAIL" signature="test1()[pri:0, instance:pkg1.Scenario3@66d33a]" name="test1" duration-ms="5548" started-at="2020-03-15T13:24:51Z" finished-at="2020-03-15T13:24:56Z">
          <exception class="java.lang.RuntimeException">
            <message>
              <![CDATA[java.lang.reflect.InvocationTargetException]]>
            </message>
            <full-stacktrace>
              <![CDATA[java.lang.RuntimeException: java.lang.reflect.InvocationTargetException
	at org.openqa.selenium.support.PageFactory.instantiatePage(PageFactory.java:138)
	at org.openqa.selenium.support.PageFactory.initElements(PageFactory.java:64)
	at pkg1.Scenario3.test1(Scenario3.java:22)
	at sun.reflect.NativeMethodAccessorImpl.invoke0(Native Method)
	at sun.reflect.NativeMethodAccessorImpl.invoke(Unknown Source)
	at sun.reflect.DelegatingMethodAccessorImpl.invoke(Unknown Source)
	at java.lang.reflect.Method.invoke(Unknown Source)
	at org.testng.internal.MethodInvocationHelper.invokeMethod(MethodInvocationHelper.java:86)
	at org.testng.internal.Invoker.invokeMethod(Invoker.java:645)
	at org.testng.internal.Invoker.invokeTestMethod(Invoker.java:822)
	at org.testng.internal.Invoker.invokeTestMethods(Invoker.java:1130)
	at org.testng.internal.TestMethodWorker.invokeTestMethods(TestMethodWorker.java:129)
	at org.testng.internal.TestMethodWorker.run(TestMethodWorker.java:112)
	at org.testng.TestRunner.privateRun(TestRunner.java:782)
	at org.testng.TestRunner.run(TestRunner.java:632)
	at org.testng.SuiteRunner.runTest(SuiteRunner.java:366)
	at org.testng.SuiteRunner.runSequentially(SuiteRunner.java:361)
	at org.testng.SuiteRunner.privateRun(SuiteRunner.java:319)
	at org.testng.SuiteRunner.run(SuiteRunner.java:268)
	at org.testng.SuiteRunnerWorker.runSuite(SuiteRunnerWorker.java:52)
	at org.testng.SuiteRunnerWorker.run(SuiteRunnerWorker.java:86)
	at org.testng.TestNG.runSuitesSequentially(TestNG.java:1244)
	at org.testng.TestNG.runSuitesLocally(TestNG.java:1169)
	at org.testng.TestNG.run(TestNG.java:1064)
	at org.testng.remote.RemoteTestNG.run(RemoteTestNG.java:113)
	at org.testng.remote.RemoteTestNG.initAndRun(RemoteTestNG.java:206)
	at org.testng.remote.RemoteTestNG.main(RemoteTestNG.java:177)
Caused by: java.lang.reflect.InvocationTargetException
	at sun.reflect.NativeConstructorAccessorImpl.newInstance0(Native Method)
	at sun.reflect.NativeConstructorAccessorImpl.newInstance(Unknown Source)
	at sun.reflect.DelegatingConstructorAccessorImpl.newInstance(Unknown Source)
	at java.lang.reflect.Constructor.newInstance(Unknown Source)
	at org.openqa.selenium.support.PageFactory.instantiatePage(PageFactory.java:129)
	... 26 more
Caused by: java.lang.NullPointerException
	at java.util.Objects.requireNonNull(Unknown Source)
	at org.openqa.selenium.interactions.Actions.<init>(Actions.java:65)
	at repository.MenuBar.<init>(MenuBar.java:10)
	... 31 more
]]>
            </full-stacktrace>
          </exception> <!-- java.lang.RuntimeException -->
          <reporter-output>
          </reporter-output>
        </test-method> <!-- test1 -->
        <test-method status="PASS" signature="tearDown()[pri:0, instance:pkg1.Scenario3@66d33a]" name="tearDown" is-config="true" duration-ms="2126" started-at="2020-03-15T13:24:56Z" finished-at="2020-03-15T13:24:59Z">
          <reporter-output>
          </reporter-output>
        </test-method> <!-- tearDown -->
      </class> <!-- pkg1.Scenario3 -->
    </test> <!-- Default test -->
  </suite> <!-- Default suite -->
</testng-results>
